<?xml version="1.0" encoding="UTF-8"?>
<!-- Generated by org.testng.reporters.JUnitReportReporter -->
<testsuite hostname="LAPTOP-P31RG0TB" failures="0" tests="1" name="TestCases.GlobalSettingOverviewTest" time="16.987" errors="0" timestamp="2024-12-23T13:57:38 WET" skipped="0">
  <testcase classname="TestCases.GlobalSettingOverviewTest" name="TC002_Admin_can_able_to_select_the_language_English" time="16.987"/>
  <system-out/>
</testsuite> <!-- TestCases.GlobalSettingOverviewTest -->
