<?xml version="1.0" encoding="UTF-8"?>
<!-- Generated by org.testng.reporters.JUnitReportReporter -->
<testsuite hostname="LAPTOP-P31RG0TB" failures="0" tests="1" name="TestCases.BankHolidayCalenderTest" time="24.123" errors="0" timestamp="2024-12-19T14:57:41 WET" skipped="0">
  <testcase classname="TestCases.BankHolidayCalenderTest" name="TC004_Admin_can_able_to_Create_the_Bank_Bank_Holiday_For_Portugal" time="24.123"/>
  <system-out/>
</testsuite> <!-- TestCases.BankHolidayCalenderTest -->
