<?xml version="1.0" encoding="UTF-8"?>
<!-- Generated by org.testng.reporters.JUnitReportReporter -->
<testsuite hostname="LAPTOP-P31RG0TB" failures="0" tests="3" name="TestCases.UserReportIssueTest" time="31.970" errors="0" timestamp="2024-12-02T16:06:37 WET" skipped="0">
  <testcase classname="TestCases.UserReportIssueTest" name="TC001_User_can_able_to_send_Issue_report_with_user_details" time="10.624"/>
  <system-out/>
  <testcase classname="TestCases.UserReportIssueTest" name="TC003_User_cannot_able_to_send_Issue_report_without_type_of_Issue_and_Description" time="10.146"/>
  <system-out/>
  <testcase classname="TestCases.UserReportIssueTest" name="TC002_User_can_able_to_send_Issue_report_Anonymously" time="11.200"/>
  <system-out/>
</testsuite> <!-- TestCases.UserReportIssueTest -->
