<?xml version="1.0" encoding="UTF-8"?>
<!-- Generated by org.testng.reporters.JUnitReportReporter -->
<testsuite hostname="LAPTOP-P31RG0TB" failures="0" tests="1" name="TestCases.StaffOverviewTest" time="17.277" errors="0" timestamp="2024-12-19T14:55:28 WET" skipped="0">
  <testcase classname="TestCases.StaffOverviewTest" name="TC004_Admin_can_able_to_invite_otherAdmin" time="17.277"/>
  <system-out/>
</testsuite> <!-- TestCases.StaffOverviewTest -->
