<?xml version="1.0" encoding="UTF-8"?>
<!-- Generated by org.testng.reporters.JUnitReportReporter -->
<testsuite hostname="LAPTOP-P31RG0TB" failures="0" tests="1" name="TestCases.SessionOverviewTest" time="3.240" errors="0" timestamp="2024-11-05T15:58:14 WET" skipped="0">
  <testcase classname="TestCases.SessionOverviewTest" name="TC001_Verify_that_admin_can_able_to_terminate_the_Session" time="3.240"/>
  <system-out/>
</testsuite> <!-- TestCases.SessionOverviewTest -->
